[debug] [2017-10-18T16:38:50.499Z] ----------------------------------------------------------------------
[debug] [2017-10-18T16:38:50.502Z] Command:       /usr/local/Cellar/node/6.3.1/bin/node /usr/local/bin/firebase deploy
[debug] [2017-10-18T16:38:50.502Z] CLI Version:   3.13.1
[debug] [2017-10-18T16:38:50.502Z] Platform:      darwin
[debug] [2017-10-18T16:38:50.502Z] Node Version:  v6.3.1
[debug] [2017-10-18T16:38:50.503Z] Time:          Wed Oct 18 2017 13:38:50 GMT-0300 (-03)
[debug] [2017-10-18T16:38:50.503Z] ----------------------------------------------------------------------
[debug] 
[debug] [2017-10-18T16:38:50.530Z] > command requires scopes: ["email","openid","https://www.googleapis.com/auth/cloudplatformprojects.readonly","https://www.googleapis.com/auth/firebase","https://www.googleapis.com/auth/cloud-platform"]
[debug] [2017-10-18T16:38:50.530Z] > authorizing via signed-in user
[debug] [2017-10-18T16:38:50.533Z] > refreshing access token with scopes: ["email","https://www.googleapis.com/auth/cloud-platform","https://www.googleapis.com/auth/cloudplatformprojects.readonly","https://www.googleapis.com/auth/firebase","openid"]
[debug] [2017-10-18T16:38:50.534Z] >>> HTTP REQUEST POST https://www.googleapis.com/oauth2/v3/token { refresh_token: '1/63X8NkvxADMuBDKNfb6x_PMg1iEJFyWVSmBUFlcpyfsbaLRjnDAiTrvm7u8lR85t',
  client_id: '563584335869-fgrhgmd47bqnekij5i8b5pr03ho849e6.apps.googleusercontent.com',
  client_secret: 'j9iVZfS8kkCEFUPaAeJV0sAi',
  grant_type: 'refresh_token',
  scope: 'email https://www.googleapis.com/auth/cloud-platform https://www.googleapis.com/auth/cloudplatformprojects.readonly https://www.googleapis.com/auth/firebase openid' } 
 Wed Oct 18 2017 13:38:50 GMT-0300 (-03)
[debug] [2017-10-18T16:38:51.005Z] <<< HTTP RESPONSE 200
[debug] [2017-10-18T16:38:51.010Z] >>> HTTP REQUEST GET https://admin.firebase.com/v1/projects/facebook-bot-a6f58  
 Wed Oct 18 2017 13:38:51 GMT-0300 (-03)
[debug] [2017-10-18T16:38:52.426Z] <<< HTTP RESPONSE 200
[debug] [2017-10-18T16:38:52.427Z] >>> HTTP REQUEST GET https://admin.firebase.com/v1/database/facebook-bot-a6f58/tokens  
 Wed Oct 18 2017 13:38:52 GMT-0300 (-03)
[debug] [2017-10-18T16:38:53.451Z] <<< HTTP RESPONSE 200
[info] 1
[info] 
[info] === Deploying to 'facebook-bot-a6f58'...
[info] 
[info] i  deploying functions
[debug] [2017-10-18T16:38:55.986Z] > [functions] package.json contents: {
  "name": "functions",
  "description": "Cloud Functions for Firebase",
  "dependencies": {
    "body-parser": "^1.18.2",
    "crypto": "^1.0.1",
    "express": "^4.16.1",
    "firebase": "^4.5.0",
    "firebase-admin": "~5.4.0",
    "firebase-functions": "^0.7.0",
    "lodash": "^4.17.4",
    "node-fetch": "^1.7.3",
    "node-wit": "^4.3.0",
    "request": "^2.83.0"
  },
  "private": true
}
[info] i  functions: ensuring necessary APIs are enabled...
[info] i  runtimeconfig: ensuring necessary APIs are enabled...
[debug] [2017-10-18T16:38:55.988Z] >>> HTTP REQUEST GET https://servicemanagement.googleapis.com/v1/services/cloudfunctions.googleapis.com/projectSettings/facebook-bot-a6f58?view=CONSUMER_VIEW  
 Wed Oct 18 2017 13:38:55 GMT-0300 (-03)
[debug] [2017-10-18T16:38:55.989Z] >>> HTTP REQUEST GET https://servicemanagement.googleapis.com/v1/services/runtimeconfig.googleapis.com/projectSettings/facebook-bot-a6f58?view=CONSUMER_VIEW  
 Wed Oct 18 2017 13:38:55 GMT-0300 (-03)
[debug] [2017-10-18T16:38:57.532Z] <<< HTTP RESPONSE 200
[info] ✔  runtimeconfig: all necessary APIs are enabled
[debug] [2017-10-18T16:38:57.580Z] <<< HTTP RESPONSE 200
[info] ✔  functions: all necessary APIs are enabled
[debug] [2017-10-18T16:38:57.583Z] >>> HTTP REQUEST GET https://appengine.googleapis.com/v1/apps/facebook-bot-a6f58  
 Wed Oct 18 2017 13:38:57 GMT-0300 (-03)
[debug] [2017-10-18T16:38:57.584Z] >>> HTTP REQUEST GET https://apikeys.googleapis.com/v1/projects/facebook-bot-a6f58/apiKeys  
 Wed Oct 18 2017 13:38:57 GMT-0300 (-03)
[debug] [2017-10-18T16:38:58.914Z] <<< HTTP RESPONSE 200
[debug] [2017-10-18T16:38:58.966Z] <<< HTTP RESPONSE 200
[info] i  functions: preparing functions directory for uploading...
[debug] [2017-10-18T16:39:11.345Z] >>> HTTP REQUEST GET https://runtimeconfig.googleapis.com/v1beta1/projects/facebook-bot-a6f58/configs  
 Wed Oct 18 2017 13:39:11 GMT-0300 (-03)
[debug] [2017-10-18T16:39:11.786Z] <<< HTTP RESPONSE 200
[info] i  functions: packaged functions (5.6 KB) for uploading
[debug] [2017-10-18T16:39:18.455Z] >>> HTTP REQUEST GET https://www.googleapis.com/storage/v1/b/staging.facebook-bot-a6f58.appspot.com  
 Wed Oct 18 2017 13:39:18 GMT-0300 (-03)
[debug] [2017-10-18T16:39:19.050Z] <<< HTTP RESPONSE 200
[debug] [2017-10-18T16:39:19.051Z] >>> HTTP REQUEST POST https://www.googleapis.com/upload/storage/v1/b/staging.facebook-bot-a6f58.appspot.com/o?uploadType=media&name=firebase-functions-source ReadStream {
  _readableState: 
   ReadableState {
     objectMode: false,
     highWaterMark: 65536,
     buffer: BufferList { head: [Object], tail: [Object], length: 1 },
     length: 5735,
     pipes: null,
     pipesCount: 0,
     flowing: null,
     ended: true,
     endEmitted: false,
     reading: false,
     sync: false,
     needReadable: false,
     emittedReadable: true,
     readableListening: false,
     resumeScheduled: false,
     defaultEncoding: 'utf8',
     ranOut: false,
     awaitDrain: 0,
     readingMore: false,
     decoder: null,
     encoding: null },
  readable: true,
  domain: null,
  _events: { end: [Function] },
  _eventsCount: 1,
  _maxListeners: undefined,
  path: '/var/folders/f6/vf1xw14n7y9bhcs1j8mt9qxr0000gn/T/firebase-functions-55038gYAX9stG7dsN.zip',
  fd: 19,
  flags: 'r',
  mode: 438,
  start: undefined,
  end: undefined,
  autoClose: true,
  pos: undefined } 
 Wed Oct 18 2017 13:39:19 GMT-0300 (-03)
[debug] [2017-10-18T16:39:19.869Z] <<< HTTP RESPONSE 200
[info] ✔  functions: functions folder uploaded successfully
[info] i  starting release process (may take several minutes)...
[debug] [2017-10-18T16:39:19.874Z] >>> HTTP REQUEST GET https://cloudfunctions.googleapis.com/v1beta2/projects/facebook-bot-a6f58/locations/us-central1/functions  
 Wed Oct 18 2017 13:39:19 GMT-0300 (-03)
[debug] [2017-10-18T16:39:21.200Z] <<< HTTP RESPONSE 200
[info] i  functions: updating function app...
[debug] [2017-10-18T16:39:21.208Z] Trigger is: 
[debug] [2017-10-18T16:39:21.209Z] >>> HTTP REQUEST PUT https://cloudfunctions.googleapis.com/v1beta2/projects/facebook-bot-a6f58/locations/us-central1/functions/app { sourceArchiveUrl: 'gs://staging.facebook-bot-a6f58.appspot.com/firebase-functions-source',
  name: 'projects/facebook-bot-a6f58/locations/us-central1/functions/app',
  entryPoint: 'app',
  timeout: '60s',
  availableMemoryMb: 256,
  httpsTrigger: {} } 
 Wed Oct 18 2017 13:39:21 GMT-0300 (-03)
[debug] [2017-10-18T16:39:22.429Z] <<< HTTP RESPONSE 200
[debug] [2017-10-18T16:39:22.432Z] >>> HTTP REQUEST GET https://cloudfunctions.googleapis.com/v1beta2/projects/facebook-bot-a6f58/locations/us-central1/functions  
 Wed Oct 18 2017 13:39:22 GMT-0300 (-03)
[debug] [2017-10-18T16:39:22.432Z] >>> HTTP REQUEST GET https://cloudfunctions.googleapis.com/v1beta2/operations/ZmFjZWJvb2stYm90LWE2ZjU4L3VzLWNlbnRyYWwxL2FwcC9iakxtTFQ1dGloNA  
 Wed Oct 18 2017 13:39:22 GMT-0300 (-03)
[debug] [2017-10-18T16:39:23.658Z] <<< HTTP RESPONSE 200
[debug] [2017-10-18T16:39:23.659Z] [functions] operation poll: app: update operations/ZmFjZWJvb2stYm90LWE2ZjU4L3VzLWNlbnRyYWwxL2FwcC9iakxtTFQ1dGloNA is not done.
[debug] [2017-10-18T16:39:23.661Z] <<< HTTP RESPONSE 200
[debug] [2017-10-18T16:39:28.663Z] >>> HTTP REQUEST GET https://cloudfunctions.googleapis.com/v1beta2/operations/ZmFjZWJvb2stYm90LWE2ZjU4L3VzLWNlbnRyYWwxL2FwcC9iakxtTFQ1dGloNA  
 Wed Oct 18 2017 13:39:28 GMT-0300 (-03)
[debug] [2017-10-18T16:39:29.802Z] <<< HTTP RESPONSE 200
[debug] [2017-10-18T16:39:29.802Z] [functions] operation poll: app: update operations/ZmFjZWJvb2stYm90LWE2ZjU4L3VzLWNlbnRyYWwxL2FwcC9iakxtTFQ1dGloNA is not done.
[debug] [2017-10-18T16:39:34.806Z] >>> HTTP REQUEST GET https://cloudfunctions.googleapis.com/v1beta2/operations/ZmFjZWJvb2stYm90LWE2ZjU4L3VzLWNlbnRyYWwxL2FwcC9iakxtTFQ1dGloNA  
 Wed Oct 18 2017 13:39:34 GMT-0300 (-03)
[debug] [2017-10-18T16:39:35.948Z] <<< HTTP RESPONSE 200
[debug] [2017-10-18T16:39:35.949Z] [functions] operation poll: app: update operations/ZmFjZWJvb2stYm90LWE2ZjU4L3VzLWNlbnRyYWwxL2FwcC9iakxtTFQ1dGloNA is not done.
[debug] [2017-10-18T16:39:40.955Z] >>> HTTP REQUEST GET https://cloudfunctions.googleapis.com/v1beta2/operations/ZmFjZWJvb2stYm90LWE2ZjU4L3VzLWNlbnRyYWwxL2FwcC9iakxtTFQ1dGloNA  
 Wed Oct 18 2017 13:39:40 GMT-0300 (-03)
[debug] [2017-10-18T16:39:42.089Z] <<< HTTP RESPONSE 200
[debug] [2017-10-18T16:39:42.090Z] [functions] operation poll: app: update operations/ZmFjZWJvb2stYm90LWE2ZjU4L3VzLWNlbnRyYWwxL2FwcC9iakxtTFQ1dGloNA is not done.
[debug] [2017-10-18T16:39:47.095Z] >>> HTTP REQUEST GET https://cloudfunctions.googleapis.com/v1beta2/operations/ZmFjZWJvb2stYm90LWE2ZjU4L3VzLWNlbnRyYWwxL2FwcC9iakxtTFQ1dGloNA  
 Wed Oct 18 2017 13:39:47 GMT-0300 (-03)
[debug] [2017-10-18T16:39:48.177Z] <<< HTTP RESPONSE 200
[debug] [2017-10-18T16:39:48.177Z] [functions] operation poll: app: update operations/ZmFjZWJvb2stYm90LWE2ZjU4L3VzLWNlbnRyYWwxL2FwcC9iakxtTFQ1dGloNA is not done.
[debug] [2017-10-18T16:39:53.179Z] >>> HTTP REQUEST GET https://cloudfunctions.googleapis.com/v1beta2/operations/ZmFjZWJvb2stYm90LWE2ZjU4L3VzLWNlbnRyYWwxL2FwcC9iakxtTFQ1dGloNA  
 Wed Oct 18 2017 13:39:53 GMT-0300 (-03)
[debug] [2017-10-18T16:39:54.233Z] <<< HTTP RESPONSE 200
